make all --print-data-base --no-builtin-variables --no-builtin-rules --question
# GNU Make 3.81
# Copyright (C) 2006  Free Software Foundation, Inc.
# This is free software; see the source for copying conditions.
# There is NO warranty; not even for MERCHANTABILITY or FITNESS FOR A
# PARTICULAR PURPOSE.

# This program built for i386-apple-darwin11.3.0
 
make: *** No rule to make target `all'.  Stop.


# Make data base, printed on Sun Jul 31 22:35:34 2022

# Variables

# automatic
<D = $(patsubst %/,%,$(dir $<))
# automatic
?F = $(notdir $?)
# environment
LC_CTYPE = en_US.UTF-8
# environment
NODENV_SHELL = fish
# environment
CPPFLAGS = -I/usr/local/opt/llvm/include
# automatic
@D = $(patsubst %/,%,$(dir $@))
# automatic
@F = $(notdir $@)
# makefile
CURDIR := /Users/yuta/Desktop/programming/Zenn/free
# makefile
SHELL = /bin/sh
 
# environment
VSCODE_NLS_CONFIG = {"locale":"ja","availableLanguages":{"*":"ja"},"_languagePackId":"29207410cd77a70b4b25e4878dda93be.ja","_translationsConfigFile":"/Users/yuta/Library/Application Support/Code/clp/29207410cd77a70b4b25e4878dda93be.ja/tcf.json","_cacheRoot":"/Users/yuta/Library/Application Support/Code/clp/29207410cd77a70b4b25e4878dda93be.ja","_resolvedLanguagePackCoreLocation":"/Users/yuta/Library/Application Support/Code/clp/29207410cd77a70b4b25e4878dda93be.ja/3b889b090b5ad5793f524b5d1d39fda662b96a2a","_corruptedFile":"/Users/yuta/Library/Application Support/Code/clp/29207410cd77a70b4b25e4878dda93be.ja/corrupted.info","_languagePackSupport":true}
# environment
_ = /usr/bin/make
# automatic
?D = $(patsubst %/,%,$(dir $?))
# makefile (from `Makefile', line 1)
MAKEFILE_LIST :=  Makefile
# environment
OMF_PATH = /Users/yuta/.local/share/omf
# environment
__CFBundleIdentifier = com.microsoft.VSCode
# environment
VSCODE_CWD = /
# environment
PATH = /Users/yuta/.nodenv/shims:/Users/yuta/.pyenv/shims:/Users/yuta/.pyenv/versions/anaconda3-5.3.1/bin:/Library/Frameworks/Python.framework/Versions/3.10/bin:/usr/local/opt/llvm/bin:/Users/yuta/anaconda/bin:/usr/local/sbin:/usr/local/opt/mysql-client/bin:/usr/local/opt/apr-util/bin:/usr/local/opt/apr/bin:/usr/local/opt/mysql@5.7/bin:/usr/local/opt/icu4c/sbin:/usr/local/opt/icu4c/bin:/Users/yuta/.anyenv/envs/pyenv/bin:/Users/yuta/.pyenv/bin:/usr/local/opt/heroku-node/bin:/Users/yuta/anaconda3/bin:/Users/yuta/.cargo/bin:/Users/yuta/.nodebrew/current/bin/:/Users/yuta/bin/flutter/bin:/Users/yuta/.pyenv/shims:/Users/yuta/.anyenv/bin:/Users/yuta/.rbenv/shims:/usr/local/opt/openssl/bin:/usr/local/bin:/bin:/Users/yuta/.rbenv/shims:/usr/local/bin:/usr/bin:/bin:/usr/sbin:/sbin:/opt/X11/bin:/Library/Apple/usr/bin:/Library/Frameworks/Mono.framework/Versions/Current/Commands:/Users/yuta/.pyenv/versions/anaconda3-5.3.1/bin
# environment
ELECTRON_RUN_AS_NODE = 1
# environment
PYENV_ROOT = /Users/yuta/.pyenv
# environment
LDFLAGS = -L/usr/local/opt/llvm/lib
# default
.FEATURES := target-specific order-only second-expansion else-if archives jobserver check-symlink
# environment
SSH_AUTH_SOCK = /private/tmp/com.apple.launchd.Bfw2ayqbLt/Listeners
# automatic
%F = $(notdir $%)
# environment
DISPLAY = /private/tmp/com.apple.launchd.uztao65NG3/org.xquartz:0
# environment
PWD = /Users/yuta/Desktop/programming/Zenn/free
# environment
ORIGINAL_XDG_CURRENT_DESKTOP = undefined
# environment
VSCODE_AMD_ENTRYPOINT = vs/workbench/api/node/extensionHostProcess
# environment
PYENV_SHELL = fish
# environment
HOME = /Users/yuta
# default
MAKEFILEPATH := /Applications/Xcode.app/Contents/Developer/Makefiles
# environment
VSCODE_CODE_CACHE_PATH = /Users/yuta/Library/Application Support/Code/CachedData/3b889b090b5ad5793f524b5d1d39fda662b96a2a
# environment
LOGNAME = yuta
# environment
APPLICATION_INSIGHTS_NO_DIAGNOSTIC_CHANNEL = 1
# environment
VSCODE_HANDLES_UNCAUGHT_ERRORS = true
# automatic
^D = $(patsubst %/,%,$(dir $^))
# environment
XPC_FLAGS = 0x0
# default
MAKE = $(MAKE_COMMAND)
# default
MAKECMDGOALS := all
# environment
SHLVL = 2
# default
MAKE_VERSION := 3.81
# environment
USER = yuta
# makefile
.DEFAULT_GOAL := article
# environment
OMF_CONFIG = /Users/yuta/.config/omf
# automatic
%D = $(patsubst %/,%,$(dir $%))
# environment
CONDA_SHLVL = 0
# default
MAKE_COMMAND := /Applications/Xcode.app/Contents/Developer/usr/bin/make
# default
.VARIABLES := 
# environment
TMPDIR = /var/folders/3c/l855nr7n2f19pzmcymq19nhh0000gn/T/
# automatic
*F = $(notdir $*)
# environment
VSCODE_IPC_HOOK = /Users/yuta/Library/Application Support/Code/1.69.2-main.sock
# environment
__RBENV_SUPPORTS_FISH = true
# environment
MallocNanoZone = 0
# makefile
MAKEFLAGS = Rrqp
# environment
MFLAGS = -Rrqp
# automatic
*D = $(patsubst %/,%,$(dir $*))
# environment
XPC_SERVICE_NAME = application.com.microsoft.VSCode.368649913.368649919
# automatic
+D = $(patsubst %/,%,$(dir $+))
# automatic
+F = $(notdir $+)
# environment
__CF_USER_TEXT_ENCODING = 0x1F5:0x1:0xE
# environment
COMMAND_MODE = unix2003
# default
MAKEFILES := 
# environment
RBENV_SHELL = fish
# automatic
<F = $(notdir $<)
# environment
LC_ALL = C
# automatic
^F = $(notdir $^)
# default
SUFFIXES := 
# default
.INCLUDE_DIRS = /usr/local/include
# environment
MAKELEVEL := 0
# environment
LANG = C
# environment
VSCODE_PID = 5782
# variable set hash-table stats:
# Load=70/1024=7%, Rehash=0, Collisions=3/94=3%

# Pattern-specific Variable Values

# No pattern-specific variable values.

# Directories

# . (device 16777222, inode 369151269): 17 files, no impossibilities.

# 17 files, no impossibilities in 1 directories.

# Implicit Rules

# No implicit rules.

# Files

book:
#  Phony target (prerequisite of .PHONY).
#  Implicit rule search has not been done.
#  File does not exist.
#  File has not been updated.
#  commands to execute (from `Makefile', line 7):
	npx zenn new:book
	

# Not a target:
all:
#  Command-line target.
#  Implicit rule search has been done.
#  File does not exist.
#  File has not been updated.
 
# variable set hash-table stats:
# Load=0/32=0%, Rehash=0, Collisions=0/0=0%

.PHONY: article book
#  Implicit rule search has not been done.
#  Modification time never checked.
#  File has not been updated.

# Not a target:
.SUFFIXES:
#  Implicit rule search has not been done.
#  Modification time never checked.
#  File has not been updated.

# Not a target:
Makefile:
#  Implicit rule search has been done.
#  Last modified 2022-07-22 23:54:09
#  File has been updated.
#  Successfully updated.
# variable set hash-table stats:
# Load=0/32=0%, Rehash=0, Collisions=0/0=0%

article:
#  Phony target (prerequisite of .PHONY).
#  Implicit rule search has not been done.
#  File does not exist.
#  File has not been updated.
#  commands to execute (from `Makefile', line 3):
	npx zenn new:article
	

# Not a target:
.DEFAULT:
#  Implicit rule search has not been done.
#  Modification time never checked.
#  File has not been updated.

# files hash-table stats:
# Load=7/1024=1%, Rehash=0, Collisions=0/22=0%
# VPATH Search Paths

# No `vpath' search paths.

# No general (`VPATH' variable) search path.

# # of strings in strcache: 1
# # of strcache buffers: 1
# strcache size: total = 4096 / max = 4096 / min = 4096 / avg = 4096
# strcache free: total = 4087 / max = 4087 / min = 4087 / avg = 4087

# Finished Make data base on Sun Jul 31 22:35:34 2022

 
